<?xml version="1.0" encoding="UTF-8"?>
<!-- Generated by org.testng.reporters.JUnitXMLReporter -->
<testsuite ignored="0" hostname="Rutz" failures="0" tests="5" name="Default test" time="44.786" errors="0" timestamp="2025-07-18T12:06:53 IST">
  <testcase classname="tests.LoginTest" name="loginTest" time="3.892"/>
  <testcase classname="tests.LoginTest" name="loginTest" time="3.971"/>
  <testcase classname="tests.LoginTest" name="loginTest" time="3.823"/>
  <testcase classname="tests.LoginTest" name="loginTest" time="3.776"/>
  <testcase classname="tests.LoginTest" name="loginTest" time="4.281"/>
</testsuite> <!-- Default test -->
