<?xml version="1.0" encoding="UTF-8"?>
<!-- Generated by org.testng.reporters.JUnitXMLReporter -->
<testsuite ignored="0" hostname="Rutz" failures="0" tests="4" name="Default test" time="44.363" errors="0" timestamp="2025-07-13T16:48:38 IST">
  <testcase classname="tests.AdminTest" name="validateLeftMenuAndNavigateToAdmin" time="4.055"/>
  <testcase classname="tests.AdminTest" name="searchByUsername" time="6.448"/>
  <testcase classname="tests.AdminTest" name="searchByUserRole" time="5.295"/>
  <testcase classname="tests.AdminTest" name="searchByUserStatus" time="5.355"/>
</testsuite> <!-- Default test -->
